<?xml version="1.0" encoding="UTF-8"?>
<!-- Generated by org.testng.reporters.JUnitXMLReporter -->
<testsuite hostname="DESKTOP-Q0RMI1I" ignored="0" name="Command line test" tests="8" failures="0" timestamp="2022-03-16T11:46:24 IST" time="0.11" errors="0">
  <testcase name="createContactTest" time="0.009" classname="contactTest.CreateContactTest"/>
  <testcase name="createContactTest1" time="0.0" classname="contactTest.CreateContactTest"/>
  <testcase name="jenkinsParamerterTest" time="0.0" classname="contactTest.JenkinsParamerterTest"/>
  <testcase name="practiceJenkinsTest" time="0.0" classname="contactTest.PracticeJenkinsTest"/>
  <testcase name="readDataTest" time="0.0" classname="contactTest.ReadDataTest"/>
  <testcase name="createOrgTest" time="0.001" classname="orgTest.CreateOrgTest"/>
  <testcase name="createOrgTest1" time="0.0" classname="orgTest.CreateOrgTest"/>
  <testcase name="demoTest" time="0.001" classname="orgTest.DemoTest"/>
</testsuite> <!-- Command line test -->
