<?xml version="1.0" encoding="UTF-8"?>
<testng-results skipped="0" failed="0" ignored="0" total="8" passed="8">
  <reporter-output>
  </reporter-output>
  <suite name="Command line suite" duration-ms="110" started-at="2022-03-16T11:46:24 IST" finished-at="2022-03-16T11:46:24 IST">
    <groups>
    </groups>
    <test name="Command line test" duration-ms="110" started-at="2022-03-16T11:46:24 IST" finished-at="2022-03-16T11:46:24 IST">
      <class name="orgTest.DemoTest">
        <test-method status="PASS" signature="demoTest()[pri:0, instance:orgTest.DemoTest@6eebc39e]" name="demoTest" duration-ms="1" started-at="2022-03-16T11:46:24 IST" finished-at="2022-03-16T11:46:24 IST">
          <reporter-output>
          </reporter-output>
        </test-method> <!-- demoTest -->
      </class> <!-- orgTest.DemoTest -->
      <class name="orgTest.CreateOrgTest">
        <test-method status="PASS" signature="createOrgTest()[pri:0, instance:orgTest.CreateOrgTest@146ba0ac]" name="createOrgTest" duration-ms="1" started-at="2022-03-16T11:46:24 IST" finished-at="2022-03-16T11:46:24 IST">
          <reporter-output>
          </reporter-output>
        </test-method> <!-- createOrgTest -->
        <test-method status="PASS" signature="createOrgTest1()[pri:0, instance:orgTest.CreateOrgTest@146ba0ac]" name="createOrgTest1" duration-ms="0" started-at="2022-03-16T11:46:24 IST" finished-at="2022-03-16T11:46:24 IST">
          <reporter-output>
          </reporter-output>
        </test-method> <!-- createOrgTest1 -->
      </class> <!-- orgTest.CreateOrgTest -->
      <class name="contactTest.CreateContactTest">
        <test-method status="PASS" signature="createContactTest()[pri:0, instance:contactTest.CreateContactTest@5622fdf]" name="createContactTest" duration-ms="9" started-at="2022-03-16T11:46:24 IST" finished-at="2022-03-16T11:46:24 IST">
          <reporter-output>
          </reporter-output>
        </test-method> <!-- createContactTest -->
        <test-method status="PASS" signature="createContactTest1()[pri:0, instance:contactTest.CreateContactTest@5622fdf]" name="createContactTest1" duration-ms="0" started-at="2022-03-16T11:46:24 IST" finished-at="2022-03-16T11:46:24 IST">
          <reporter-output>
          </reporter-output>
        </test-method> <!-- createContactTest1 -->
      </class> <!-- contactTest.CreateContactTest -->
      <class name="contactTest.ReadDataTest">
        <test-method status="PASS" signature="readDataTest()[pri:0, instance:contactTest.ReadDataTest@754ba872]" name="readDataTest" duration-ms="0" started-at="2022-03-16T11:46:24 IST" finished-at="2022-03-16T11:46:24 IST">
          <reporter-output>
          </reporter-output>
        </test-method> <!-- readDataTest -->
      </class> <!-- contactTest.ReadDataTest -->
      <class name="contactTest.PracticeJenkinsTest">
        <test-method status="PASS" signature="practiceJenkinsTest()[pri:0, instance:contactTest.PracticeJenkinsTest@e25b2fe]" name="practiceJenkinsTest" duration-ms="0" started-at="2022-03-16T11:46:24 IST" finished-at="2022-03-16T11:46:24 IST">
          <reporter-output>
          </reporter-output>
        </test-method> <!-- practiceJenkinsTest -->
      </class> <!-- contactTest.PracticeJenkinsTest -->
      <class name="contactTest.JenkinsParamerterTest">
        <test-method status="PASS" signature="jenkinsParamerterTest()[pri:0, instance:contactTest.JenkinsParamerterTest@204f30ec]" name="jenkinsParamerterTest" duration-ms="0" started-at="2022-03-16T11:46:24 IST" finished-at="2022-03-16T11:46:24 IST">
          <reporter-output>
          </reporter-output>
        </test-method> <!-- jenkinsParamerterTest -->
      </class> <!-- contactTest.JenkinsParamerterTest -->
    </test> <!-- Command line test -->
  </suite> <!-- Command line suite -->
</testng-results>
