<?xml version="1.0" encoding="UTF-8"?>
<testng-results ignored="0" total="1" passed="1" failed="0" skipped="0">
  <reporter-output>
  </reporter-output>
  <suite started-at="2022-03-14T22:47:50 IST" name="Default suite" finished-at="2022-03-14T22:47:50 IST" duration-ms="50">
    <groups>
    </groups>
    <test started-at="2022-03-14T22:47:50 IST" name="Default test" finished-at="2022-03-14T22:47:50 IST" duration-ms="50">
      <class name="contactTest.ReadDataTest">
        <test-method signature="readDataTest()[pri:0, instance:contactTest.ReadDataTest@f381794]" started-at="2022-03-14T22:47:50 IST" name="readDataTest" finished-at="2022-03-14T22:47:50 IST" duration-ms="9" status="PASS">
          <reporter-output>
          </reporter-output>
        </test-method> <!-- readDataTest -->
      </class> <!-- contactTest.ReadDataTest -->
    </test> <!-- Default test -->
  </suite> <!-- Default suite -->
</testng-results>
