<?xml version="1.0" encoding="UTF-8"?>
<testng-results ignored="0" total="1" passed="1" failed="0" skipped="0">
  <reporter-output>
  </reporter-output>
  <suite started-at="2022-03-16T16:52:06 IST" name="Default suite" finished-at="2022-03-16T16:52:06 IST" duration-ms="61">
    <groups>
    </groups>
    <test started-at="2022-03-16T16:52:06 IST" name="Default test" finished-at="2022-03-16T16:52:06 IST" duration-ms="61">
      <class name="contactTest.JenkinsParamerterTest">
        <test-method signature="jenkinsParamerterTest()[pri:0, instance:contactTest.JenkinsParamerterTest@f381794]" started-at="2022-03-16T16:52:06 IST" name="jenkinsParamerterTest" finished-at="2022-03-16T16:52:06 IST" duration-ms="10" status="PASS">
          <reporter-output>
          </reporter-output>
        </test-method> <!-- jenkinsParamerterTest -->
      </class> <!-- contactTest.JenkinsParamerterTest -->
    </test> <!-- Default test -->
  </suite> <!-- Default suite -->
</testng-results>
